

Started GET "/" for 127.0.0.1 at 2014-03-17 09:11:06 -0400

PG::ConnectionBad (FATAL:  role "portfolio" does not exist
):
  activerecord (4.0.3) lib/active_record/connection_adapters/postgresql_adapter.rb:831:in `initialize'
  activerecord (4.0.3) lib/active_record/connection_adapters/postgresql_adapter.rb:831:in `new'
  activerecord (4.0.3) lib/active_record/connection_adapters/postgresql_adapter.rb:831:in `connect'
  activerecord (4.0.3) lib/active_record/connection_adapters/postgresql_adapter.rb:548:in `initialize'
  activerecord (4.0.3) lib/active_record/connection_adapters/postgresql_adapter.rb:41:in `new'
  activerecord (4.0.3) lib/active_record/connection_adapters/postgresql_adapter.rb:41:in `postgresql_connection'
  activerecord (4.0.3) lib/active_record/connection_adapters/abstract/connection_pool.rb:440:in `new_connection'
  activerecord (4.0.3) lib/active_record/connection_adapters/abstract/connection_pool.rb:450:in `checkout_new_connection'
  activerecord (4.0.3) lib/active_record/connection_adapters/abstract/connection_pool.rb:421:in `acquire_connection'
  activerecord (4.0.3) lib/active_record/connection_adapters/abstract/connection_pool.rb:356:in `block in checkout'
  /Users/wmantegna/.rvm/rubies/ruby-2.0.0-p451/lib/ruby/2.0.0/monitor.rb:211:in `mon_synchronize'
  activerecord (4.0.3) lib/active_record/connection_adapters/abstract/connection_pool.rb:355:in `checkout'
  activerecord (4.0.3) lib/active_record/connection_adapters/abstract/connection_pool.rb:265:in `block in connection'
  /Users/wmantegna/.rvm/rubies/ruby-2.0.0-p451/lib/ruby/2.0.0/monitor.rb:211:in `mon_synchronize'
  activerecord (4.0.3) lib/active_record/connection_adapters/abstract/connection_pool.rb:264:in `connection'
  activerecord (4.0.3) lib/active_record/connection_adapters/abstract/connection_pool.rb:546:in `retrieve_connection'
  activerecord (4.0.3) lib/active_record/connection_handling.rb:79:in `retrieve_connection'
  activerecord (4.0.3) lib/active_record/connection_handling.rb:53:in `connection'
  activerecord (4.0.3) lib/active_record/query_cache.rb:51:in `restore_query_cache_settings'
  activerecord (4.0.3) lib/active_record/query_cache.rb:43:in `rescue in call'
  activerecord (4.0.3) lib/active_record/query_cache.rb:32:in `call'
  activerecord (4.0.3) lib/active_record/connection_adapters/abstract/connection_pool.rb:626:in `call'
  activerecord (4.0.3) lib/active_record/migration.rb:369:in `call'
  actionpack (4.0.3) lib/action_dispatch/middleware/callbacks.rb:29:in `block in call'
  activesupport (4.0.3) lib/active_support/callbacks.rb:373:in `_run__1337643110560117870__call__callbacks'
  activesupport (4.0.3) lib/active_support/callbacks.rb:80:in `run_callbacks'
  actionpack (4.0.3) lib/action_dispatch/middleware/callbacks.rb:27:in `call'
  actionpack (4.0.3) lib/action_dispatch/middleware/reloader.rb:64:in `call'
  actionpack (4.0.3) lib/action_dispatch/middleware/remote_ip.rb:76:in `call'
  actionpack (4.0.3) lib/action_dispatch/middleware/debug_exceptions.rb:17:in `call'
  actionpack (4.0.3) lib/action_dispatch/middleware/show_exceptions.rb:30:in `call'
  railties (4.0.3) lib/rails/rack/logger.rb:38:in `call_app'
  railties (4.0.3) lib/rails/rack/logger.rb:20:in `block in call'
  activesupport (4.0.3) lib/active_support/tagged_logging.rb:67:in `block in tagged'
  activesupport (4.0.3) lib/active_support/tagged_logging.rb:25:in `tagged'
  activesupport (4.0.3) lib/active_support/tagged_logging.rb:67:in `tagged'
  railties (4.0.3) lib/rails/rack/logger.rb:20:in `call'
  actionpack (4.0.3) lib/action_dispatch/middleware/request_id.rb:21:in `call'
  rack (1.5.2) lib/rack/methodoverride.rb:21:in `call'
  rack (1.5.2) lib/rack/runtime.rb:17:in `call'
  activesupport (4.0.3) lib/active_support/cache/strategy/local_cache.rb:83:in `call'
  rack (1.5.2) lib/rack/lock.rb:17:in `call'
  actionpack (4.0.3) lib/action_dispatch/middleware/static.rb:64:in `call'
  rack (1.5.2) lib/rack/sendfile.rb:112:in `call'
  railties (4.0.3) lib/rails/engine.rb:511:in `call'
  railties (4.0.3) lib/rails/application.rb:97:in `call'
  rack (1.5.2) lib/rack/lock.rb:17:in `call'
  rack (1.5.2) lib/rack/content_length.rb:14:in `call'
  rack (1.5.2) lib/rack/handler/webrick.rb:60:in `service'
  /Users/wmantegna/.rvm/rubies/ruby-2.0.0-p451/lib/ruby/2.0.0/webrick/httpserver.rb:138:in `service'
  /Users/wmantegna/.rvm/rubies/ruby-2.0.0-p451/lib/ruby/2.0.0/webrick/httpserver.rb:94:in `run'
  /Users/wmantegna/.rvm/rubies/ruby-2.0.0-p451/lib/ruby/2.0.0/webrick/server.rb:295:in `block in start_thread'


  Rendered /Users/wmantegna/.rvm/gems/ruby-2.0.0-p451@global/gems/actionpack-4.0.3/lib/action_dispatch/middleware/templates/rescues/_source.erb (0.6ms)
  Rendered /Users/wmantegna/.rvm/gems/ruby-2.0.0-p451@global/gems/actionpack-4.0.3/lib/action_dispatch/middleware/templates/rescues/_trace.erb (1.6ms)
  Rendered /Users/wmantegna/.rvm/gems/ruby-2.0.0-p451@global/gems/actionpack-4.0.3/lib/action_dispatch/middleware/templates/rescues/_request_and_response.erb (1.3ms)
  Rendered /Users/wmantegna/.rvm/gems/ruby-2.0.0-p451@global/gems/actionpack-4.0.3/lib/action_dispatch/middleware/templates/rescues/diagnostics.erb within rescues/layout (54.0ms)


Started GET "/" for 127.0.0.1 at 2014-03-17 09:11:16 -0400

PG::ConnectionBad (FATAL:  role "portfolio" does not exist
):
  activerecord (4.0.3) lib/active_record/connection_adapters/postgresql_adapter.rb:831:in `initialize'
  activerecord (4.0.3) lib/active_record/connection_adapters/postgresql_adapter.rb:831:in `new'
  activerecord (4.0.3) lib/active_record/connection_adapters/postgresql_adapter.rb:831:in `connect'
  activerecord (4.0.3) lib/active_record/connection_adapters/postgresql_adapter.rb:548:in `initialize'
  activerecord (4.0.3) lib/active_record/connection_adapters/postgresql_adapter.rb:41:in `new'
  activerecord (4.0.3) lib/active_record/connection_adapters/postgresql_adapter.rb:41:in `postgresql_connection'
  activerecord (4.0.3) lib/active_record/connection_adapters/abstract/connection_pool.rb:440:in `new_connection'
  activerecord (4.0.3) lib/active_record/connection_adapters/abstract/connection_pool.rb:450:in `checkout_new_connection'
  activerecord (4.0.3) lib/active_record/connection_adapters/abstract/connection_pool.rb:421:in `acquire_connection'
  activerecord (4.0.3) lib/active_record/connection_adapters/abstract/connection_pool.rb:356:in `block in checkout'
  /Users/wmantegna/.rvm/rubies/ruby-2.0.0-p451/lib/ruby/2.0.0/monitor.rb:211:in `mon_synchronize'
  activerecord (4.0.3) lib/active_record/connection_adapters/abstract/connection_pool.rb:355:in `checkout'
  activerecord (4.0.3) lib/active_record/connection_adapters/abstract/connection_pool.rb:265:in `block in connection'
  /Users/wmantegna/.rvm/rubies/ruby-2.0.0-p451/lib/ruby/2.0.0/monitor.rb:211:in `mon_synchronize'
  activerecord (4.0.3) lib/active_record/connection_adapters/abstract/connection_pool.rb:264:in `connection'
  activerecord (4.0.3) lib/active_record/connection_adapters/abstract/connection_pool.rb:546:in `retrieve_connection'
  activerecord (4.0.3) lib/active_record/connection_handling.rb:79:in `retrieve_connection'
  activerecord (4.0.3) lib/active_record/connection_handling.rb:53:in `connection'
  activerecord (4.0.3) lib/active_record/query_cache.rb:51:in `restore_query_cache_settings'
  activerecord (4.0.3) lib/active_record/query_cache.rb:43:in `rescue in call'
  activerecord (4.0.3) lib/active_record/query_cache.rb:32:in `call'
  activerecord (4.0.3) lib/active_record/connection_adapters/abstract/connection_pool.rb:626:in `call'
  activerecord (4.0.3) lib/active_record/migration.rb:369:in `call'
  actionpack (4.0.3) lib/action_dispatch/middleware/callbacks.rb:29:in `block in call'
  activesupport (4.0.3) lib/active_support/callbacks.rb:373:in `_run__1337643110560117870__call__callbacks'
  activesupport (4.0.3) lib/active_support/callbacks.rb:80:in `run_callbacks'
  actionpack (4.0.3) lib/action_dispatch/middleware/callbacks.rb:27:in `call'
  actionpack (4.0.3) lib/action_dispatch/middleware/reloader.rb:64:in `call'
  actionpack (4.0.3) lib/action_dispatch/middleware/remote_ip.rb:76:in `call'
  actionpack (4.0.3) lib/action_dispatch/middleware/debug_exceptions.rb:17:in `call'
  actionpack (4.0.3) lib/action_dispatch/middleware/show_exceptions.rb:30:in `call'
  railties (4.0.3) lib/rails/rack/logger.rb:38:in `call_app'
  railties (4.0.3) lib/rails/rack/logger.rb:20:in `block in call'
  activesupport (4.0.3) lib/active_support/tagged_logging.rb:67:in `block in tagged'
  activesupport (4.0.3) lib/active_support/tagged_logging.rb:25:in `tagged'
  activesupport (4.0.3) lib/active_support/tagged_logging.rb:67:in `tagged'
  railties (4.0.3) lib/rails/rack/logger.rb:20:in `call'
  actionpack (4.0.3) lib/action_dispatch/middleware/request_id.rb:21:in `call'
  rack (1.5.2) lib/rack/methodoverride.rb:21:in `call'
  rack (1.5.2) lib/rack/runtime.rb:17:in `call'
  activesupport (4.0.3) lib/active_support/cache/strategy/local_cache.rb:83:in `call'
  rack (1.5.2) lib/rack/lock.rb:17:in `call'
  actionpack (4.0.3) lib/action_dispatch/middleware/static.rb:64:in `call'
  rack (1.5.2) lib/rack/sendfile.rb:112:in `call'
  railties (4.0.3) lib/rails/engine.rb:511:in `call'
  railties (4.0.3) lib/rails/application.rb:97:in `call'
  rack (1.5.2) lib/rack/lock.rb:17:in `call'
  rack (1.5.2) lib/rack/content_length.rb:14:in `call'
  rack (1.5.2) lib/rack/handler/webrick.rb:60:in `service'
  /Users/wmantegna/.rvm/rubies/ruby-2.0.0-p451/lib/ruby/2.0.0/webrick/httpserver.rb:138:in `service'
  /Users/wmantegna/.rvm/rubies/ruby-2.0.0-p451/lib/ruby/2.0.0/webrick/httpserver.rb:94:in `run'
  /Users/wmantegna/.rvm/rubies/ruby-2.0.0-p451/lib/ruby/2.0.0/webrick/server.rb:295:in `block in start_thread'


  Rendered /Users/wmantegna/.rvm/gems/ruby-2.0.0-p451@global/gems/actionpack-4.0.3/lib/action_dispatch/middleware/templates/rescues/_source.erb (0.5ms)
  Rendered /Users/wmantegna/.rvm/gems/ruby-2.0.0-p451@global/gems/actionpack-4.0.3/lib/action_dispatch/middleware/templates/rescues/_trace.erb (0.9ms)
  Rendered /Users/wmantegna/.rvm/gems/ruby-2.0.0-p451@global/gems/actionpack-4.0.3/lib/action_dispatch/middleware/templates/rescues/_request_and_response.erb (1.3ms)
  Rendered /Users/wmantegna/.rvm/gems/ruby-2.0.0-p451@global/gems/actionpack-4.0.3/lib/action_dispatch/middleware/templates/rescues/diagnostics.erb within rescues/layout (19.6ms)


Started GET "/" for 127.0.0.1 at 2014-03-17 09:11:31 -0400

PG::ConnectionBad (FATAL:  role "portfolio" does not exist
):
  activerecord (4.0.3) lib/active_record/connection_adapters/postgresql_adapter.rb:831:in `initialize'
  activerecord (4.0.3) lib/active_record/connection_adapters/postgresql_adapter.rb:831:in `new'
  activerecord (4.0.3) lib/active_record/connection_adapters/postgresql_adapter.rb:831:in `connect'
  activerecord (4.0.3) lib/active_record/connection_adapters/postgresql_adapter.rb:548:in `initialize'
  activerecord (4.0.3) lib/active_record/connection_adapters/postgresql_adapter.rb:41:in `new'
  activerecord (4.0.3) lib/active_record/connection_adapters/postgresql_adapter.rb:41:in `postgresql_connection'
  activerecord (4.0.3) lib/active_record/connection_adapters/abstract/connection_pool.rb:440:in `new_connection'
  activerecord (4.0.3) lib/active_record/connection_adapters/abstract/connection_pool.rb:450:in `checkout_new_connection'
  activerecord (4.0.3) lib/active_record/connection_adapters/abstract/connection_pool.rb:421:in `acquire_connection'
  activerecord (4.0.3) lib/active_record/connection_adapters/abstract/connection_pool.rb:356:in `block in checkout'
  /Users/wmantegna/.rvm/rubies/ruby-2.0.0-p451/lib/ruby/2.0.0/monitor.rb:211:in `mon_synchronize'
  activerecord (4.0.3) lib/active_record/connection_adapters/abstract/connection_pool.rb:355:in `checkout'
  activerecord (4.0.3) lib/active_record/connection_adapters/abstract/connection_pool.rb:265:in `block in connection'
  /Users/wmantegna/.rvm/rubies/ruby-2.0.0-p451/lib/ruby/2.0.0/monitor.rb:211:in `mon_synchronize'
  activerecord (4.0.3) lib/active_record/connection_adapters/abstract/connection_pool.rb:264:in `connection'
  activerecord (4.0.3) lib/active_record/connection_adapters/abstract/connection_pool.rb:546:in `retrieve_connection'
  activerecord (4.0.3) lib/active_record/connection_handling.rb:79:in `retrieve_connection'
  activerecord (4.0.3) lib/active_record/connection_handling.rb:53:in `connection'
  activerecord (4.0.3) lib/active_record/query_cache.rb:51:in `restore_query_cache_settings'
  activerecord (4.0.3) lib/active_record/query_cache.rb:43:in `rescue in call'
  activerecord (4.0.3) lib/active_record/query_cache.rb:32:in `call'
  activerecord (4.0.3) lib/active_record/connection_adapters/abstract/connection_pool.rb:626:in `call'
  activerecord (4.0.3) lib/active_record/migration.rb:369:in `call'
  actionpack (4.0.3) lib/action_dispatch/middleware/callbacks.rb:29:in `block in call'
  activesupport (4.0.3) lib/active_support/callbacks.rb:373:in `_run__1337643110560117870__call__callbacks'
  activesupport (4.0.3) lib/active_support/callbacks.rb:80:in `run_callbacks'
  actionpack (4.0.3) lib/action_dispatch/middleware/callbacks.rb:27:in `call'
  actionpack (4.0.3) lib/action_dispatch/middleware/reloader.rb:64:in `call'
  actionpack (4.0.3) lib/action_dispatch/middleware/remote_ip.rb:76:in `call'
  actionpack (4.0.3) lib/action_dispatch/middleware/debug_exceptions.rb:17:in `call'
  actionpack (4.0.3) lib/action_dispatch/middleware/show_exceptions.rb:30:in `call'
  railties (4.0.3) lib/rails/rack/logger.rb:38:in `call_app'
  railties (4.0.3) lib/rails/rack/logger.rb:20:in `block in call'
  activesupport (4.0.3) lib/active_support/tagged_logging.rb:67:in `block in tagged'
  activesupport (4.0.3) lib/active_support/tagged_logging.rb:25:in `tagged'
  activesupport (4.0.3) lib/active_support/tagged_logging.rb:67:in `tagged'
  railties (4.0.3) lib/rails/rack/logger.rb:20:in `call'
  actionpack (4.0.3) lib/action_dispatch/middleware/request_id.rb:21:in `call'
  rack (1.5.2) lib/rack/methodoverride.rb:21:in `call'
  rack (1.5.2) lib/rack/runtime.rb:17:in `call'
  activesupport (4.0.3) lib/active_support/cache/strategy/local_cache.rb:83:in `call'
  rack (1.5.2) lib/rack/lock.rb:17:in `call'
  actionpack (4.0.3) lib/action_dispatch/middleware/static.rb:64:in `call'
  rack (1.5.2) lib/rack/sendfile.rb:112:in `call'
  railties (4.0.3) lib/rails/engine.rb:511:in `call'
  railties (4.0.3) lib/rails/application.rb:97:in `call'
  rack (1.5.2) lib/rack/lock.rb:17:in `call'
  rack (1.5.2) lib/rack/content_length.rb:14:in `call'
  rack (1.5.2) lib/rack/handler/webrick.rb:60:in `service'
  /Users/wmantegna/.rvm/rubies/ruby-2.0.0-p451/lib/ruby/2.0.0/webrick/httpserver.rb:138:in `service'
  /Users/wmantegna/.rvm/rubies/ruby-2.0.0-p451/lib/ruby/2.0.0/webrick/httpserver.rb:94:in `run'
  /Users/wmantegna/.rvm/rubies/ruby-2.0.0-p451/lib/ruby/2.0.0/webrick/server.rb:295:in `block in start_thread'


  Rendered /Users/wmantegna/.rvm/gems/ruby-2.0.0-p451@global/gems/actionpack-4.0.3/lib/action_dispatch/middleware/templates/rescues/_source.erb (0.4ms)
  Rendered /Users/wmantegna/.rvm/gems/ruby-2.0.0-p451@global/gems/actionpack-4.0.3/lib/action_dispatch/middleware/templates/rescues/_trace.erb (1.0ms)
  Rendered /Users/wmantegna/.rvm/gems/ruby-2.0.0-p451@global/gems/actionpack-4.0.3/lib/action_dispatch/middleware/templates/rescues/_request_and_response.erb (0.9ms)
  Rendered /Users/wmantegna/.rvm/gems/ruby-2.0.0-p451@global/gems/actionpack-4.0.3/lib/action_dispatch/middleware/templates/rescues/diagnostics.erb within rescues/layout (14.5ms)


Started GET "/" for 127.0.0.1 at 2014-03-17 09:12:35 -0400

PG::ConnectionBad (FATAL:  database "portfolio_development" does not exist
):
  activerecord (4.0.3) lib/active_record/connection_adapters/postgresql_adapter.rb:831:in `initialize'
  activerecord (4.0.3) lib/active_record/connection_adapters/postgresql_adapter.rb:831:in `new'
  activerecord (4.0.3) lib/active_record/connection_adapters/postgresql_adapter.rb:831:in `connect'
  activerecord (4.0.3) lib/active_record/connection_adapters/postgresql_adapter.rb:548:in `initialize'
  activerecord (4.0.3) lib/active_record/connection_adapters/postgresql_adapter.rb:41:in `new'
  activerecord (4.0.3) lib/active_record/connection_adapters/postgresql_adapter.rb:41:in `postgresql_connection'
  activerecord (4.0.3) lib/active_record/connection_adapters/abstract/connection_pool.rb:440:in `new_connection'
  activerecord (4.0.3) lib/active_record/connection_adapters/abstract/connection_pool.rb:450:in `checkout_new_connection'
  activerecord (4.0.3) lib/active_record/connection_adapters/abstract/connection_pool.rb:421:in `acquire_connection'
  activerecord (4.0.3) lib/active_record/connection_adapters/abstract/connection_pool.rb:356:in `block in checkout'
  /Users/wmantegna/.rvm/rubies/ruby-2.0.0-p451/lib/ruby/2.0.0/monitor.rb:211:in `mon_synchronize'
  activerecord (4.0.3) lib/active_record/connection_adapters/abstract/connection_pool.rb:355:in `checkout'
  activerecord (4.0.3) lib/active_record/connection_adapters/abstract/connection_pool.rb:265:in `block in connection'
  /Users/wmantegna/.rvm/rubies/ruby-2.0.0-p451/lib/ruby/2.0.0/monitor.rb:211:in `mon_synchronize'
  activerecord (4.0.3) lib/active_record/connection_adapters/abstract/connection_pool.rb:264:in `connection'
  activerecord (4.0.3) lib/active_record/connection_adapters/abstract/connection_pool.rb:546:in `retrieve_connection'
  activerecord (4.0.3) lib/active_record/connection_handling.rb:79:in `retrieve_connection'
  activerecord (4.0.3) lib/active_record/connection_handling.rb:53:in `connection'
  activerecord (4.0.3) lib/active_record/query_cache.rb:51:in `restore_query_cache_settings'
  activerecord (4.0.3) lib/active_record/query_cache.rb:43:in `rescue in call'
  activerecord (4.0.3) lib/active_record/query_cache.rb:32:in `call'
  activerecord (4.0.3) lib/active_record/connection_adapters/abstract/connection_pool.rb:626:in `call'
  activerecord (4.0.3) lib/active_record/migration.rb:369:in `call'
  actionpack (4.0.3) lib/action_dispatch/middleware/callbacks.rb:29:in `block in call'
  activesupport (4.0.3) lib/active_support/callbacks.rb:373:in `_run__1927564014445117642__call__callbacks'
  activesupport (4.0.3) lib/active_support/callbacks.rb:80:in `run_callbacks'
  actionpack (4.0.3) lib/action_dispatch/middleware/callbacks.rb:27:in `call'
  actionpack (4.0.3) lib/action_dispatch/middleware/reloader.rb:64:in `call'
  actionpack (4.0.3) lib/action_dispatch/middleware/remote_ip.rb:76:in `call'
  actionpack (4.0.3) lib/action_dispatch/middleware/debug_exceptions.rb:17:in `call'
  actionpack (4.0.3) lib/action_dispatch/middleware/show_exceptions.rb:30:in `call'
  railties (4.0.3) lib/rails/rack/logger.rb:38:in `call_app'
  railties (4.0.3) lib/rails/rack/logger.rb:20:in `block in call'
  activesupport (4.0.3) lib/active_support/tagged_logging.rb:67:in `block in tagged'
  activesupport (4.0.3) lib/active_support/tagged_logging.rb:25:in `tagged'
  activesupport (4.0.3) lib/active_support/tagged_logging.rb:67:in `tagged'
  railties (4.0.3) lib/rails/rack/logger.rb:20:in `call'
  actionpack (4.0.3) lib/action_dispatch/middleware/request_id.rb:21:in `call'
  rack (1.5.2) lib/rack/methodoverride.rb:21:in `call'
  rack (1.5.2) lib/rack/runtime.rb:17:in `call'
  activesupport (4.0.3) lib/active_support/cache/strategy/local_cache.rb:83:in `call'
  rack (1.5.2) lib/rack/lock.rb:17:in `call'
  actionpack (4.0.3) lib/action_dispatch/middleware/static.rb:64:in `call'
  rack (1.5.2) lib/rack/sendfile.rb:112:in `call'
  railties (4.0.3) lib/rails/engine.rb:511:in `call'
  railties (4.0.3) lib/rails/application.rb:97:in `call'
  rack (1.5.2) lib/rack/lock.rb:17:in `call'
  rack (1.5.2) lib/rack/content_length.rb:14:in `call'
  rack (1.5.2) lib/rack/handler/webrick.rb:60:in `service'
  /Users/wmantegna/.rvm/rubies/ruby-2.0.0-p451/lib/ruby/2.0.0/webrick/httpserver.rb:138:in `service'
  /Users/wmantegna/.rvm/rubies/ruby-2.0.0-p451/lib/ruby/2.0.0/webrick/httpserver.rb:94:in `run'
  /Users/wmantegna/.rvm/rubies/ruby-2.0.0-p451/lib/ruby/2.0.0/webrick/server.rb:295:in `block in start_thread'


  Rendered /Users/wmantegna/.rvm/gems/ruby-2.0.0-p451@global/gems/actionpack-4.0.3/lib/action_dispatch/middleware/templates/rescues/_source.erb (0.7ms)
  Rendered /Users/wmantegna/.rvm/gems/ruby-2.0.0-p451@global/gems/actionpack-4.0.3/lib/action_dispatch/middleware/templates/rescues/_trace.erb (1.0ms)
  Rendered /Users/wmantegna/.rvm/gems/ruby-2.0.0-p451@global/gems/actionpack-4.0.3/lib/action_dispatch/middleware/templates/rescues/_request_and_response.erb (0.9ms)
  Rendered /Users/wmantegna/.rvm/gems/ruby-2.0.0-p451@global/gems/actionpack-4.0.3/lib/action_dispatch/middleware/templates/rescues/diagnostics.erb within rescues/layout (49.7ms)


Started GET "/" for 127.0.0.1 at 2014-03-17 09:13:06 -0400
Processing by HomeController#index as HTML
  Rendered home/index.html.erb within layouts/application (1.1ms)
Completed 200 OK in 911ms (Views: 900.2ms | ActiveRecord: 0.0ms)


Started GET "/assets/jquery.js?body=1" for 127.0.0.1 at 2014-03-17 09:13:07 -0400


Started GET "/assets/jquery_ujs.js?body=1" for 127.0.0.1 at 2014-03-17 09:13:07 -0400


Started GET "/assets/home.css?body=1" for 127.0.0.1 at 2014-03-17 09:13:07 -0400


Started GET "/assets/application.css?body=1" for 127.0.0.1 at 2014-03-17 09:13:07 -0400


Started GET "/assets/turbolinks.js?body=1" for 127.0.0.1 at 2014-03-17 09:13:07 -0400


Started GET "/assets/home.js?body=1" for 127.0.0.1 at 2014-03-17 09:13:07 -0400


Started GET "/assets/application.js?body=1" for 127.0.0.1 at 2014-03-17 09:13:07 -0400


Started GET "/" for 127.0.0.1 at 2014-03-17 09:17:05 -0400
Processing by HomeController#index as HTML
  Rendered home/index.html.erb within layouts/application (0.4ms)
Completed 200 OK in 5ms (Views: 4.1ms | ActiveRecord: 0.0ms)


Started GET "/assets/jquery.js?body=1" for 127.0.0.1 at 2014-03-17 09:17:05 -0400


Started GET "/assets/application.js?body=1" for 127.0.0.1 at 2014-03-17 09:17:05 -0400


Started GET "/assets/turbolinks.js?body=1" for 127.0.0.1 at 2014-03-17 09:17:05 -0400


Started GET "/assets/home.js?body=1" for 127.0.0.1 at 2014-03-17 09:17:05 -0400


Started GET "/assets/home.css?body=1" for 127.0.0.1 at 2014-03-17 09:17:05 -0400


Started GET "/assets/jquery_ujs.js?body=1" for 127.0.0.1 at 2014-03-17 09:17:05 -0400


Started GET "/assets/application.css?body=1" for 127.0.0.1 at 2014-03-17 09:17:05 -0400


Started GET "/..." for 127.0.0.1 at 2014-03-17 09:17:05 -0400

ActionController::RoutingError (No route matches [GET] "/..."):
  actionpack (4.0.3) lib/action_dispatch/middleware/debug_exceptions.rb:21:in `call'
  actionpack (4.0.3) lib/action_dispatch/middleware/show_exceptions.rb:30:in `call'
  railties (4.0.3) lib/rails/rack/logger.rb:38:in `call_app'
  railties (4.0.3) lib/rails/rack/logger.rb:20:in `block in call'
  activesupport (4.0.3) lib/active_support/tagged_logging.rb:67:in `block in tagged'
  activesupport (4.0.3) lib/active_support/tagged_logging.rb:25:in `tagged'
  activesupport (4.0.3) lib/active_support/tagged_logging.rb:67:in `tagged'
  railties (4.0.3) lib/rails/rack/logger.rb:20:in `call'
  actionpack (4.0.3) lib/action_dispatch/middleware/request_id.rb:21:in `call'
  rack (1.5.2) lib/rack/methodoverride.rb:21:in `call'
  rack (1.5.2) lib/rack/runtime.rb:17:in `call'
  activesupport (4.0.3) lib/active_support/cache/strategy/local_cache.rb:83:in `call'
  rack (1.5.2) lib/rack/lock.rb:17:in `call'
  actionpack (4.0.3) lib/action_dispatch/middleware/static.rb:64:in `call'
  rack (1.5.2) lib/rack/sendfile.rb:112:in `call'
  railties (4.0.3) lib/rails/engine.rb:511:in `call'
  railties (4.0.3) lib/rails/application.rb:97:in `call'
  rack (1.5.2) lib/rack/lock.rb:17:in `call'
  rack (1.5.2) lib/rack/content_length.rb:14:in `call'
  rack (1.5.2) lib/rack/handler/webrick.rb:60:in `service'
  /Users/wmantegna/.rvm/rubies/ruby-2.0.0-p451/lib/ruby/2.0.0/webrick/httpserver.rb:138:in `service'
  /Users/wmantegna/.rvm/rubies/ruby-2.0.0-p451/lib/ruby/2.0.0/webrick/httpserver.rb:94:in `run'
  /Users/wmantegna/.rvm/rubies/ruby-2.0.0-p451/lib/ruby/2.0.0/webrick/server.rb:295:in `block in start_thread'


  Rendered /Users/wmantegna/.rvm/gems/ruby-2.0.0-p451@global/gems/actionpack-4.0.3/lib/action_dispatch/middleware/templates/rescues/_trace.erb (1.7ms)
  Rendered /Users/wmantegna/.rvm/gems/ruby-2.0.0-p451@global/gems/actionpack-4.0.3/lib/action_dispatch/middleware/templates/routes/_route.html.erb (0.9ms)
  Rendered /Users/wmantegna/.rvm/gems/ruby-2.0.0-p451@global/gems/actionpack-4.0.3/lib/action_dispatch/middleware/templates/routes/_table.html.erb (10.2ms)
  Rendered /Users/wmantegna/.rvm/gems/ruby-2.0.0-p451@global/gems/actionpack-4.0.3/lib/action_dispatch/middleware/templates/rescues/routing_error.erb within rescues/layout (46.0ms)


Started GET "/" for 127.0.0.1 at 2014-03-17 09:18:07 -0400
Processing by HomeController#index as HTML
  Rendered home/index.html.erb within layouts/application (0.1ms)
Completed 200 OK in 5ms (Views: 4.8ms | ActiveRecord: 0.0ms)


Started GET "/assets/application.css?body=1" for 127.0.0.1 at 2014-03-17 09:18:07 -0400


Started GET "/assets/home.js?body=1" for 127.0.0.1 at 2014-03-17 09:18:07 -0400


Started GET "/assets/turbolinks.js?body=1" for 127.0.0.1 at 2014-03-17 09:18:07 -0400


Started GET "/assets/home.css?body=1" for 127.0.0.1 at 2014-03-17 09:18:07 -0400


Started GET "/assets/jquery_ujs.js?body=1" for 127.0.0.1 at 2014-03-17 09:18:07 -0400


Started GET "/assets/jquery.js?body=1" for 127.0.0.1 at 2014-03-17 09:18:07 -0400


Started GET "/assets/application.js?body=1" for 127.0.0.1 at 2014-03-17 09:18:07 -0400


Started GET "/..." for 127.0.0.1 at 2014-03-17 09:18:07 -0400

ActionController::RoutingError (No route matches [GET] "/..."):
  actionpack (4.0.3) lib/action_dispatch/middleware/debug_exceptions.rb:21:in `call'
  actionpack (4.0.3) lib/action_dispatch/middleware/show_exceptions.rb:30:in `call'
  railties (4.0.3) lib/rails/rack/logger.rb:38:in `call_app'
  railties (4.0.3) lib/rails/rack/logger.rb:20:in `block in call'
  activesupport (4.0.3) lib/active_support/tagged_logging.rb:67:in `block in tagged'
  activesupport (4.0.3) lib/active_support/tagged_logging.rb:25:in `tagged'
  activesupport (4.0.3) lib/active_support/tagged_logging.rb:67:in `tagged'
  railties (4.0.3) lib/rails/rack/logger.rb:20:in `call'
  actionpack (4.0.3) lib/action_dispatch/middleware/request_id.rb:21:in `call'
  rack (1.5.2) lib/rack/methodoverride.rb:21:in `call'
  rack (1.5.2) lib/rack/runtime.rb:17:in `call'
  activesupport (4.0.3) lib/active_support/cache/strategy/local_cache.rb:83:in `call'
  rack (1.5.2) lib/rack/lock.rb:17:in `call'
  actionpack (4.0.3) lib/action_dispatch/middleware/static.rb:64:in `call'
  rack (1.5.2) lib/rack/sendfile.rb:112:in `call'
  railties (4.0.3) lib/rails/engine.rb:511:in `call'
  railties (4.0.3) lib/rails/application.rb:97:in `call'
  rack (1.5.2) lib/rack/lock.rb:17:in `call'
  rack (1.5.2) lib/rack/content_length.rb:14:in `call'
  rack (1.5.2) lib/rack/handler/webrick.rb:60:in `service'
  /Users/wmantegna/.rvm/rubies/ruby-2.0.0-p451/lib/ruby/2.0.0/webrick/httpserver.rb:138:in `service'
  /Users/wmantegna/.rvm/rubies/ruby-2.0.0-p451/lib/ruby/2.0.0/webrick/httpserver.rb:94:in `run'
  /Users/wmantegna/.rvm/rubies/ruby-2.0.0-p451/lib/ruby/2.0.0/webrick/server.rb:295:in `block in start_thread'


  Rendered /Users/wmantegna/.rvm/gems/ruby-2.0.0-p451@global/gems/actionpack-4.0.3/lib/action_dispatch/middleware/templates/rescues/_trace.erb (1.3ms)
  Rendered /Users/wmantegna/.rvm/gems/ruby-2.0.0-p451@global/gems/actionpack-4.0.3/lib/action_dispatch/middleware/templates/routes/_route.html.erb (1.3ms)
  Rendered /Users/wmantegna/.rvm/gems/ruby-2.0.0-p451@global/gems/actionpack-4.0.3/lib/action_dispatch/middleware/templates/routes/_table.html.erb (1.9ms)
  Rendered /Users/wmantegna/.rvm/gems/ruby-2.0.0-p451@global/gems/actionpack-4.0.3/lib/action_dispatch/middleware/templates/rescues/routing_error.erb within rescues/layout (23.4ms)


Started GET "/" for 127.0.0.1 at 2014-03-18 00:30:38 -0400

Mysql2::Error - Can't connect to local MySQL server through socket '/tmp/mysql.sock' (2):
  mysql2 (0.3.15) lib/mysql2/client.rb:67:in `initialize'
   () Users/wmantegna/.rvm/gems/ruby-2.0.0-p451@global/gems/activerecord-4.0.3/lib/active_record/connection_adapters/mysql2_adapter.rb:18:in `mysql2_connection'
   () Users/wmantegna/.rvm/gems/ruby-2.0.0-p451@global/gems/activerecord-4.0.3/lib/active_record/connection_adapters/abstract/connection_pool.rb:440:in `new_connection'
   () Users/wmantegna/.rvm/gems/ruby-2.0.0-p451@global/gems/activerecord-4.0.3/lib/active_record/connection_adapters/abstract/connection_pool.rb:450:in `checkout_new_connection'
   () Users/wmantegna/.rvm/gems/ruby-2.0.0-p451@global/gems/activerecord-4.0.3/lib/active_record/connection_adapters/abstract/connection_pool.rb:421:in `acquire_connection'
   () Users/wmantegna/.rvm/gems/ruby-2.0.0-p451@global/gems/activerecord-4.0.3/lib/active_record/connection_adapters/abstract/connection_pool.rb:356:in `block in checkout'
  /Users/wmantegna/.rvm/rubies/ruby-2.0.0-p451/lib/ruby/2.0.0/monitor.rb:211:in `mon_synchronize'
   () Users/wmantegna/.rvm/gems/ruby-2.0.0-p451@global/gems/activerecord-4.0.3/lib/active_record/connection_adapters/abstract/connection_pool.rb:355:in `checkout'
   () Users/wmantegna/.rvm/gems/ruby-2.0.0-p451@global/gems/activerecord-4.0.3/lib/active_record/connection_adapters/abstract/connection_pool.rb:265:in `block in connection'
  /Users/wmantegna/.rvm/rubies/ruby-2.0.0-p451/lib/ruby/2.0.0/monitor.rb:211:in `mon_synchronize'
   () Users/wmantegna/.rvm/gems/ruby-2.0.0-p451@global/gems/activerecord-4.0.3/lib/active_record/connection_adapters/abstract/connection_pool.rb:264:in `connection'
   () Users/wmantegna/.rvm/gems/ruby-2.0.0-p451@global/gems/activerecord-4.0.3/lib/active_record/connection_adapters/abstract/connection_pool.rb:546:in `retrieve_connection'
   () Users/wmantegna/.rvm/gems/ruby-2.0.0-p451@global/gems/activerecord-4.0.3/lib/active_record/connection_handling.rb:79:in `retrieve_connection'
   () Users/wmantegna/.rvm/gems/ruby-2.0.0-p451@global/gems/activerecord-4.0.3/lib/active_record/connection_handling.rb:53:in `connection'
   () Users/wmantegna/.rvm/gems/ruby-2.0.0-p451@global/gems/activerecord-4.0.3/lib/active_record/query_cache.rb:51:in `restore_query_cache_settings'
   () Users/wmantegna/.rvm/gems/ruby-2.0.0-p451@global/gems/activerecord-4.0.3/lib/active_record/query_cache.rb:43:in `rescue in call'
   () Users/wmantegna/.rvm/gems/ruby-2.0.0-p451@global/gems/activerecord-4.0.3/lib/active_record/query_cache.rb:32:in `call'
   () Users/wmantegna/.rvm/gems/ruby-2.0.0-p451@global/gems/activerecord-4.0.3/lib/active_record/connection_adapters/abstract/connection_pool.rb:626:in `call'
   () Users/wmantegna/.rvm/gems/ruby-2.0.0-p451@global/gems/activerecord-4.0.3/lib/active_record/migration.rb:369:in `call'
   () Users/wmantegna/.rvm/gems/ruby-2.0.0-p451@global/gems/actionpack-4.0.3/lib/action_dispatch/middleware/callbacks.rb:29:in `block in call'
   () Users/wmantegna/.rvm/gems/ruby-2.0.0-p451@global/gems/activesupport-4.0.3/lib/active_support/callbacks.rb:373:in `_run__986537408681657693__call__callbacks'
   () Users/wmantegna/.rvm/gems/ruby-2.0.0-p451@global/gems/activesupport-4.0.3/lib/active_support/callbacks.rb:80:in `run_callbacks'
   () Users/wmantegna/.rvm/gems/ruby-2.0.0-p451@global/gems/actionpack-4.0.3/lib/action_dispatch/middleware/callbacks.rb:27:in `call'
   () Users/wmantegna/.rvm/gems/ruby-2.0.0-p451@global/gems/actionpack-4.0.3/lib/action_dispatch/middleware/reloader.rb:64:in `call'
   () Users/wmantegna/.rvm/gems/ruby-2.0.0-p451@global/gems/actionpack-4.0.3/lib/action_dispatch/middleware/remote_ip.rb:76:in `call'
  better_errors (1.1.0) lib/better_errors/middleware.rb:84:in `protected_app_call'
  better_errors (1.1.0) lib/better_errors/middleware.rb:79:in `better_errors_call'
  better_errors (1.1.0) lib/better_errors/middleware.rb:56:in `call'
   () Users/wmantegna/.rvm/gems/ruby-2.0.0-p451@global/gems/actionpack-4.0.3/lib/action_dispatch/middleware/debug_exceptions.rb:17:in `call'
   () Users/wmantegna/.rvm/gems/ruby-2.0.0-p451@global/gems/actionpack-4.0.3/lib/action_dispatch/middleware/show_exceptions.rb:30:in `call'
   () Users/wmantegna/.rvm/gems/ruby-2.0.0-p451@global/gems/railties-4.0.3/lib/rails/rack/logger.rb:38:in `call_app'
   () Users/wmantegna/.rvm/gems/ruby-2.0.0-p451@global/gems/railties-4.0.3/lib/rails/rack/logger.rb:20:in `block in call'
   () Users/wmantegna/.rvm/gems/ruby-2.0.0-p451@global/gems/activesupport-4.0.3/lib/active_support/tagged_logging.rb:67:in `block in tagged'
   () Users/wmantegna/.rvm/gems/ruby-2.0.0-p451@global/gems/activesupport-4.0.3/lib/active_support/tagged_logging.rb:25:in `tagged'
   () Users/wmantegna/.rvm/gems/ruby-2.0.0-p451@global/gems/activesupport-4.0.3/lib/active_support/tagged_logging.rb:67:in `tagged'
   () Users/wmantegna/.rvm/gems/ruby-2.0.0-p451@global/gems/railties-4.0.3/lib/rails/rack/logger.rb:20:in `call'
  quiet_assets (1.0.2) lib/quiet_assets.rb:18:in `call_with_quiet_assets'
   () Users/wmantegna/.rvm/gems/ruby-2.0.0-p451@global/gems/actionpack-4.0.3/lib/action_dispatch/middleware/request_id.rb:21:in `call'
   () Users/wmantegna/.rvm/gems/ruby-2.0.0-p451@global/gems/rack-1.5.2/lib/rack/methodoverride.rb:21:in `call'
   () Users/wmantegna/.rvm/gems/ruby-2.0.0-p451@global/gems/rack-1.5.2/lib/rack/runtime.rb:17:in `call'
   () Users/wmantegna/.rvm/gems/ruby-2.0.0-p451@global/gems/activesupport-4.0.3/lib/active_support/cache/strategy/local_cache.rb:83:in `call'
   () Users/wmantegna/.rvm/gems/ruby-2.0.0-p451@global/gems/rack-1.5.2/lib/rack/lock.rb:17:in `call'
   () Users/wmantegna/.rvm/gems/ruby-2.0.0-p451@global/gems/actionpack-4.0.3/lib/action_dispatch/middleware/static.rb:64:in `call'
   () Users/wmantegna/.rvm/gems/ruby-2.0.0-p451@global/gems/rack-1.5.2/lib/rack/sendfile.rb:112:in `call'
   () Users/wmantegna/.rvm/gems/ruby-2.0.0-p451@global/gems/railties-4.0.3/lib/rails/engine.rb:511:in `call'
   () Users/wmantegna/.rvm/gems/ruby-2.0.0-p451@global/gems/railties-4.0.3/lib/rails/application.rb:97:in `call'
   () Users/wmantegna/.rvm/gems/ruby-2.0.0-p451@global/gems/rack-1.5.2/lib/rack/lock.rb:17:in `call'
   () Users/wmantegna/.rvm/gems/ruby-2.0.0-p451@global/gems/rack-1.5.2/lib/rack/content_length.rb:14:in `call'
   () Users/wmantegna/.rvm/gems/ruby-2.0.0-p451@global/gems/rack-1.5.2/lib/rack/handler/webrick.rb:60:in `service'
  /Users/wmantegna/.rvm/rubies/ruby-2.0.0-p451/lib/ruby/2.0.0/webrick/httpserver.rb:138:in `service'
  /Users/wmantegna/.rvm/rubies/ruby-2.0.0-p451/lib/ruby/2.0.0/webrick/httpserver.rb:94:in `run'
  /Users/wmantegna/.rvm/rubies/ruby-2.0.0-p451/lib/ruby/2.0.0/webrick/server.rb:295:in `block in start_thread'



Started POST "/__better_errors/70140624724560/variables" for 127.0.0.1 at 2014-03-18 00:30:38 -0400


Started GET "/" for 127.0.0.1 at 2014-03-18 00:36:45 -0400

Mysql2::Error - Unknown database 'portfolio_development':
  mysql2 (0.3.15) lib/mysql2/client.rb:67:in `initialize'
   () Users/wmantegna/.rvm/gems/ruby-2.0.0-p451@global/gems/activerecord-4.0.3/lib/active_record/connection_adapters/mysql2_adapter.rb:18:in `mysql2_connection'
   () Users/wmantegna/.rvm/gems/ruby-2.0.0-p451@global/gems/activerecord-4.0.3/lib/active_record/connection_adapters/abstract/connection_pool.rb:440:in `new_connection'
   () Users/wmantegna/.rvm/gems/ruby-2.0.0-p451@global/gems/activerecord-4.0.3/lib/active_record/connection_adapters/abstract/connection_pool.rb:450:in `checkout_new_connection'
   () Users/wmantegna/.rvm/gems/ruby-2.0.0-p451@global/gems/activerecord-4.0.3/lib/active_record/connection_adapters/abstract/connection_pool.rb:421:in `acquire_connection'
   () Users/wmantegna/.rvm/gems/ruby-2.0.0-p451@global/gems/activerecord-4.0.3/lib/active_record/connection_adapters/abstract/connection_pool.rb:356:in `block in checkout'
  /Users/wmantegna/.rvm/rubies/ruby-2.0.0-p451/lib/ruby/2.0.0/monitor.rb:211:in `mon_synchronize'
   () Users/wmantegna/.rvm/gems/ruby-2.0.0-p451@global/gems/activerecord-4.0.3/lib/active_record/connection_adapters/abstract/connection_pool.rb:355:in `checkout'
   () Users/wmantegna/.rvm/gems/ruby-2.0.0-p451@global/gems/activerecord-4.0.3/lib/active_record/connection_adapters/abstract/connection_pool.rb:265:in `block in connection'
  /Users/wmantegna/.rvm/rubies/ruby-2.0.0-p451/lib/ruby/2.0.0/monitor.rb:211:in `mon_synchronize'
   () Users/wmantegna/.rvm/gems/ruby-2.0.0-p451@global/gems/activerecord-4.0.3/lib/active_record/connection_adapters/abstract/connection_pool.rb:264:in `connection'
   () Users/wmantegna/.rvm/gems/ruby-2.0.0-p451@global/gems/activerecord-4.0.3/lib/active_record/connection_adapters/abstract/connection_pool.rb:546:in `retrieve_connection'
   () Users/wmantegna/.rvm/gems/ruby-2.0.0-p451@global/gems/activerecord-4.0.3/lib/active_record/connection_handling.rb:79:in `retrieve_connection'
   () Users/wmantegna/.rvm/gems/ruby-2.0.0-p451@global/gems/activerecord-4.0.3/lib/active_record/connection_handling.rb:53:in `connection'
   () Users/wmantegna/.rvm/gems/ruby-2.0.0-p451@global/gems/activerecord-4.0.3/lib/active_record/query_cache.rb:51:in `restore_query_cache_settings'
   () Users/wmantegna/.rvm/gems/ruby-2.0.0-p451@global/gems/activerecord-4.0.3/lib/active_record/query_cache.rb:43:in `rescue in call'
   () Users/wmantegna/.rvm/gems/ruby-2.0.0-p451@global/gems/activerecord-4.0.3/lib/active_record/query_cache.rb:32:in `call'
   () Users/wmantegna/.rvm/gems/ruby-2.0.0-p451@global/gems/activerecord-4.0.3/lib/active_record/connection_adapters/abstract/connection_pool.rb:626:in `call'
   () Users/wmantegna/.rvm/gems/ruby-2.0.0-p451@global/gems/activerecord-4.0.3/lib/active_record/migration.rb:369:in `call'
   () Users/wmantegna/.rvm/gems/ruby-2.0.0-p451@global/gems/actionpack-4.0.3/lib/action_dispatch/middleware/callbacks.rb:29:in `block in call'
   () Users/wmantegna/.rvm/gems/ruby-2.0.0-p451@global/gems/activesupport-4.0.3/lib/active_support/callbacks.rb:373:in `_run__2385738948500172843__call__callbacks'
   () Users/wmantegna/.rvm/gems/ruby-2.0.0-p451@global/gems/activesupport-4.0.3/lib/active_support/callbacks.rb:80:in `run_callbacks'
   () Users/wmantegna/.rvm/gems/ruby-2.0.0-p451@global/gems/actionpack-4.0.3/lib/action_dispatch/middleware/callbacks.rb:27:in `call'
   () Users/wmantegna/.rvm/gems/ruby-2.0.0-p451@global/gems/actionpack-4.0.3/lib/action_dispatch/middleware/reloader.rb:64:in `call'
   () Users/wmantegna/.rvm/gems/ruby-2.0.0-p451@global/gems/actionpack-4.0.3/lib/action_dispatch/middleware/remote_ip.rb:76:in `call'
  better_errors (1.1.0) lib/better_errors/middleware.rb:84:in `protected_app_call'
  better_errors (1.1.0) lib/better_errors/middleware.rb:79:in `better_errors_call'
  better_errors (1.1.0) lib/better_errors/middleware.rb:56:in `call'
   () Users/wmantegna/.rvm/gems/ruby-2.0.0-p451@global/gems/actionpack-4.0.3/lib/action_dispatch/middleware/debug_exceptions.rb:17:in `call'
   () Users/wmantegna/.rvm/gems/ruby-2.0.0-p451@global/gems/actionpack-4.0.3/lib/action_dispatch/middleware/show_exceptions.rb:30:in `call'
   () Users/wmantegna/.rvm/gems/ruby-2.0.0-p451@global/gems/railties-4.0.3/lib/rails/rack/logger.rb:38:in `call_app'
   () Users/wmantegna/.rvm/gems/ruby-2.0.0-p451@global/gems/railties-4.0.3/lib/rails/rack/logger.rb:20:in `block in call'
   () Users/wmantegna/.rvm/gems/ruby-2.0.0-p451@global/gems/activesupport-4.0.3/lib/active_support/tagged_logging.rb:67:in `block in tagged'
   () Users/wmantegna/.rvm/gems/ruby-2.0.0-p451@global/gems/activesupport-4.0.3/lib/active_support/tagged_logging.rb:25:in `tagged'
   () Users/wmantegna/.rvm/gems/ruby-2.0.0-p451@global/gems/activesupport-4.0.3/lib/active_support/tagged_logging.rb:67:in `tagged'
   () Users/wmantegna/.rvm/gems/ruby-2.0.0-p451@global/gems/railties-4.0.3/lib/rails/rack/logger.rb:20:in `call'
  quiet_assets (1.0.2) lib/quiet_assets.rb:18:in `call_with_quiet_assets'
   () Users/wmantegna/.rvm/gems/ruby-2.0.0-p451@global/gems/actionpack-4.0.3/lib/action_dispatch/middleware/request_id.rb:21:in `call'
   () Users/wmantegna/.rvm/gems/ruby-2.0.0-p451@global/gems/rack-1.5.2/lib/rack/methodoverride.rb:21:in `call'
   () Users/wmantegna/.rvm/gems/ruby-2.0.0-p451@global/gems/rack-1.5.2/lib/rack/runtime.rb:17:in `call'
   () Users/wmantegna/.rvm/gems/ruby-2.0.0-p451@global/gems/activesupport-4.0.3/lib/active_support/cache/strategy/local_cache.rb:83:in `call'
   () Users/wmantegna/.rvm/gems/ruby-2.0.0-p451@global/gems/rack-1.5.2/lib/rack/lock.rb:17:in `call'
   () Users/wmantegna/.rvm/gems/ruby-2.0.0-p451@global/gems/actionpack-4.0.3/lib/action_dispatch/middleware/static.rb:64:in `call'
   () Users/wmantegna/.rvm/gems/ruby-2.0.0-p451@global/gems/rack-1.5.2/lib/rack/sendfile.rb:112:in `call'
   () Users/wmantegna/.rvm/gems/ruby-2.0.0-p451@global/gems/railties-4.0.3/lib/rails/engine.rb:511:in `call'
   () Users/wmantegna/.rvm/gems/ruby-2.0.0-p451@global/gems/railties-4.0.3/lib/rails/application.rb:97:in `call'
   () Users/wmantegna/.rvm/gems/ruby-2.0.0-p451@global/gems/rack-1.5.2/lib/rack/lock.rb:17:in `call'
   () Users/wmantegna/.rvm/gems/ruby-2.0.0-p451@global/gems/rack-1.5.2/lib/rack/content_length.rb:14:in `call'
   () Users/wmantegna/.rvm/gems/ruby-2.0.0-p451@global/gems/rack-1.5.2/lib/rack/handler/webrick.rb:60:in `service'
  /Users/wmantegna/.rvm/rubies/ruby-2.0.0-p451/lib/ruby/2.0.0/webrick/httpserver.rb:138:in `service'
  /Users/wmantegna/.rvm/rubies/ruby-2.0.0-p451/lib/ruby/2.0.0/webrick/httpserver.rb:94:in `run'
  /Users/wmantegna/.rvm/rubies/ruby-2.0.0-p451/lib/ruby/2.0.0/webrick/server.rb:295:in `block in start_thread'



Started POST "/__better_errors/70165650458560/variables" for 127.0.0.1 at 2014-03-18 00:36:45 -0400


Started GET "/" for 127.0.0.1 at 2014-03-18 00:37:41 -0400
Processing by HomeController#index as HTML
  Rendered home/index.html.erb within layouts/application (3.8ms)
Completed 200 OK in 217ms (Views: 205.0ms | ActiveRecord: 0.0ms)


Started GET "/" for 127.0.0.1 at 2014-03-18 09:53:33 -0400

Mysql2::Error - Can't connect to local MySQL server through socket '/tmp/mysql.sock' (2):
  mysql2 (0.3.15) lib/mysql2/client.rb:67:in `initialize'
   () Users/wmantegna/.rvm/gems/ruby-2.0.0-p451@global/gems/activerecord-4.0.3/lib/active_record/connection_adapters/mysql2_adapter.rb:18:in `mysql2_connection'
   () Users/wmantegna/.rvm/gems/ruby-2.0.0-p451@global/gems/activerecord-4.0.3/lib/active_record/connection_adapters/abstract/connection_pool.rb:440:in `new_connection'
   () Users/wmantegna/.rvm/gems/ruby-2.0.0-p451@global/gems/activerecord-4.0.3/lib/active_record/connection_adapters/abstract/connection_pool.rb:450:in `checkout_new_connection'
   () Users/wmantegna/.rvm/gems/ruby-2.0.0-p451@global/gems/activerecord-4.0.3/lib/active_record/connection_adapters/abstract/connection_pool.rb:421:in `acquire_connection'
   () Users/wmantegna/.rvm/gems/ruby-2.0.0-p451@global/gems/activerecord-4.0.3/lib/active_record/connection_adapters/abstract/connection_pool.rb:356:in `block in checkout'
  /Users/wmantegna/.rvm/rubies/ruby-2.0.0-p451/lib/ruby/2.0.0/monitor.rb:211:in `mon_synchronize'
   () Users/wmantegna/.rvm/gems/ruby-2.0.0-p451@global/gems/activerecord-4.0.3/lib/active_record/connection_adapters/abstract/connection_pool.rb:355:in `checkout'
   () Users/wmantegna/.rvm/gems/ruby-2.0.0-p451@global/gems/activerecord-4.0.3/lib/active_record/connection_adapters/abstract/connection_pool.rb:265:in `block in connection'
  /Users/wmantegna/.rvm/rubies/ruby-2.0.0-p451/lib/ruby/2.0.0/monitor.rb:211:in `mon_synchronize'
   () Users/wmantegna/.rvm/gems/ruby-2.0.0-p451@global/gems/activerecord-4.0.3/lib/active_record/connection_adapters/abstract/connection_pool.rb:264:in `connection'
   () Users/wmantegna/.rvm/gems/ruby-2.0.0-p451@global/gems/activerecord-4.0.3/lib/active_record/connection_adapters/abstract/connection_pool.rb:546:in `retrieve_connection'
   () Users/wmantegna/.rvm/gems/ruby-2.0.0-p451@global/gems/activerecord-4.0.3/lib/active_record/connection_handling.rb:79:in `retrieve_connection'
   () Users/wmantegna/.rvm/gems/ruby-2.0.0-p451@global/gems/activerecord-4.0.3/lib/active_record/connection_handling.rb:53:in `connection'
   () Users/wmantegna/.rvm/gems/ruby-2.0.0-p451@global/gems/activerecord-4.0.3/lib/active_record/query_cache.rb:51:in `restore_query_cache_settings'
   () Users/wmantegna/.rvm/gems/ruby-2.0.0-p451@global/gems/activerecord-4.0.3/lib/active_record/query_cache.rb:43:in `rescue in call'
   () Users/wmantegna/.rvm/gems/ruby-2.0.0-p451@global/gems/activerecord-4.0.3/lib/active_record/query_cache.rb:32:in `call'
   () Users/wmantegna/.rvm/gems/ruby-2.0.0-p451@global/gems/activerecord-4.0.3/lib/active_record/connection_adapters/abstract/connection_pool.rb:626:in `call'
   () Users/wmantegna/.rvm/gems/ruby-2.0.0-p451@global/gems/activerecord-4.0.3/lib/active_record/migration.rb:369:in `call'
   () Users/wmantegna/.rvm/gems/ruby-2.0.0-p451@global/gems/actionpack-4.0.3/lib/action_dispatch/middleware/callbacks.rb:29:in `block in call'
   () Users/wmantegna/.rvm/gems/ruby-2.0.0-p451@global/gems/activesupport-4.0.3/lib/active_support/callbacks.rb:373:in `_run__2294671861018247621__call__callbacks'
   () Users/wmantegna/.rvm/gems/ruby-2.0.0-p451@global/gems/activesupport-4.0.3/lib/active_support/callbacks.rb:80:in `run_callbacks'
   () Users/wmantegna/.rvm/gems/ruby-2.0.0-p451@global/gems/actionpack-4.0.3/lib/action_dispatch/middleware/callbacks.rb:27:in `call'
   () Users/wmantegna/.rvm/gems/ruby-2.0.0-p451@global/gems/actionpack-4.0.3/lib/action_dispatch/middleware/reloader.rb:64:in `call'
   () Users/wmantegna/.rvm/gems/ruby-2.0.0-p451@global/gems/actionpack-4.0.3/lib/action_dispatch/middleware/remote_ip.rb:76:in `call'
  better_errors (1.1.0) lib/better_errors/middleware.rb:84:in `protected_app_call'
  better_errors (1.1.0) lib/better_errors/middleware.rb:79:in `better_errors_call'
  better_errors (1.1.0) lib/better_errors/middleware.rb:56:in `call'
   () Users/wmantegna/.rvm/gems/ruby-2.0.0-p451@global/gems/actionpack-4.0.3/lib/action_dispatch/middleware/debug_exceptions.rb:17:in `call'
   () Users/wmantegna/.rvm/gems/ruby-2.0.0-p451@global/gems/actionpack-4.0.3/lib/action_dispatch/middleware/show_exceptions.rb:30:in `call'
   () Users/wmantegna/.rvm/gems/ruby-2.0.0-p451@global/gems/railties-4.0.3/lib/rails/rack/logger.rb:38:in `call_app'
   () Users/wmantegna/.rvm/gems/ruby-2.0.0-p451@global/gems/railties-4.0.3/lib/rails/rack/logger.rb:20:in `block in call'
   () Users/wmantegna/.rvm/gems/ruby-2.0.0-p451@global/gems/activesupport-4.0.3/lib/active_support/tagged_logging.rb:67:in `block in tagged'
   () Users/wmantegna/.rvm/gems/ruby-2.0.0-p451@global/gems/activesupport-4.0.3/lib/active_support/tagged_logging.rb:25:in `tagged'
   () Users/wmantegna/.rvm/gems/ruby-2.0.0-p451@global/gems/activesupport-4.0.3/lib/active_support/tagged_logging.rb:67:in `tagged'
   () Users/wmantegna/.rvm/gems/ruby-2.0.0-p451@global/gems/railties-4.0.3/lib/rails/rack/logger.rb:20:in `call'
  quiet_assets (1.0.2) lib/quiet_assets.rb:18:in `call_with_quiet_assets'
   () Users/wmantegna/.rvm/gems/ruby-2.0.0-p451@global/gems/actionpack-4.0.3/lib/action_dispatch/middleware/request_id.rb:21:in `call'
   () Users/wmantegna/.rvm/gems/ruby-2.0.0-p451@global/gems/rack-1.5.2/lib/rack/methodoverride.rb:21:in `call'
   () Users/wmantegna/.rvm/gems/ruby-2.0.0-p451@global/gems/rack-1.5.2/lib/rack/runtime.rb:17:in `call'
   () Users/wmantegna/.rvm/gems/ruby-2.0.0-p451@global/gems/activesupport-4.0.3/lib/active_support/cache/strategy/local_cache.rb:83:in `call'
   () Users/wmantegna/.rvm/gems/ruby-2.0.0-p451@global/gems/rack-1.5.2/lib/rack/lock.rb:17:in `call'
   () Users/wmantegna/.rvm/gems/ruby-2.0.0-p451@global/gems/actionpack-4.0.3/lib/action_dispatch/middleware/static.rb:64:in `call'
   () Users/wmantegna/.rvm/gems/ruby-2.0.0-p451@global/gems/rack-1.5.2/lib/rack/sendfile.rb:112:in `call'
   () Users/wmantegna/.rvm/gems/ruby-2.0.0-p451@global/gems/railties-4.0.3/lib/rails/engine.rb:511:in `call'
   () Users/wmantegna/.rvm/gems/ruby-2.0.0-p451@global/gems/railties-4.0.3/lib/rails/application.rb:97:in `call'
   () Users/wmantegna/.rvm/gems/ruby-2.0.0-p451@global/gems/rack-1.5.2/lib/rack/lock.rb:17:in `call'
   () Users/wmantegna/.rvm/gems/ruby-2.0.0-p451@global/gems/rack-1.5.2/lib/rack/content_length.rb:14:in `call'
   () Users/wmantegna/.rvm/gems/ruby-2.0.0-p451@global/gems/rack-1.5.2/lib/rack/handler/webrick.rb:60:in `service'
  /Users/wmantegna/.rvm/rubies/ruby-2.0.0-p451/lib/ruby/2.0.0/webrick/httpserver.rb:138:in `service'
  /Users/wmantegna/.rvm/rubies/ruby-2.0.0-p451/lib/ruby/2.0.0/webrick/httpserver.rb:94:in `run'
  /Users/wmantegna/.rvm/rubies/ruby-2.0.0-p451/lib/ruby/2.0.0/webrick/server.rb:295:in `block in start_thread'



Started POST "/__better_errors/70257623614000/variables" for 127.0.0.1 at 2014-03-18 09:53:33 -0400


Started GET "/" for 127.0.0.1 at 2014-03-18 09:53:53 -0400

Mysql2::Error - Can't connect to local MySQL server through socket '/tmp/mysql.sock' (2):
  mysql2 (0.3.15) lib/mysql2/client.rb:67:in `initialize'
   () Users/wmantegna/.rvm/gems/ruby-2.0.0-p451@global/gems/activerecord-4.0.3/lib/active_record/connection_adapters/mysql2_adapter.rb:18:in `mysql2_connection'
   () Users/wmantegna/.rvm/gems/ruby-2.0.0-p451@global/gems/activerecord-4.0.3/lib/active_record/connection_adapters/abstract/connection_pool.rb:440:in `new_connection'
   () Users/wmantegna/.rvm/gems/ruby-2.0.0-p451@global/gems/activerecord-4.0.3/lib/active_record/connection_adapters/abstract/connection_pool.rb:450:in `checkout_new_connection'
   () Users/wmantegna/.rvm/gems/ruby-2.0.0-p451@global/gems/activerecord-4.0.3/lib/active_record/connection_adapters/abstract/connection_pool.rb:421:in `acquire_connection'
   () Users/wmantegna/.rvm/gems/ruby-2.0.0-p451@global/gems/activerecord-4.0.3/lib/active_record/connection_adapters/abstract/connection_pool.rb:356:in `block in checkout'
  /Users/wmantegna/.rvm/rubies/ruby-2.0.0-p451/lib/ruby/2.0.0/monitor.rb:211:in `mon_synchronize'
   () Users/wmantegna/.rvm/gems/ruby-2.0.0-p451@global/gems/activerecord-4.0.3/lib/active_record/connection_adapters/abstract/connection_pool.rb:355:in `checkout'
   () Users/wmantegna/.rvm/gems/ruby-2.0.0-p451@global/gems/activerecord-4.0.3/lib/active_record/connection_adapters/abstract/connection_pool.rb:265:in `block in connection'
  /Users/wmantegna/.rvm/rubies/ruby-2.0.0-p451/lib/ruby/2.0.0/monitor.rb:211:in `mon_synchronize'
   () Users/wmantegna/.rvm/gems/ruby-2.0.0-p451@global/gems/activerecord-4.0.3/lib/active_record/connection_adapters/abstract/connection_pool.rb:264:in `connection'
   () Users/wmantegna/.rvm/gems/ruby-2.0.0-p451@global/gems/activerecord-4.0.3/lib/active_record/connection_adapters/abstract/connection_pool.rb:546:in `retrieve_connection'
   () Users/wmantegna/.rvm/gems/ruby-2.0.0-p451@global/gems/activerecord-4.0.3/lib/active_record/connection_handling.rb:79:in `retrieve_connection'
   () Users/wmantegna/.rvm/gems/ruby-2.0.0-p451@global/gems/activerecord-4.0.3/lib/active_record/connection_handling.rb:53:in `connection'
   () Users/wmantegna/.rvm/gems/ruby-2.0.0-p451@global/gems/activerecord-4.0.3/lib/active_record/query_cache.rb:51:in `restore_query_cache_settings'
   () Users/wmantegna/.rvm/gems/ruby-2.0.0-p451@global/gems/activerecord-4.0.3/lib/active_record/query_cache.rb:43:in `rescue in call'
   () Users/wmantegna/.rvm/gems/ruby-2.0.0-p451@global/gems/activerecord-4.0.3/lib/active_record/query_cache.rb:32:in `call'
   () Users/wmantegna/.rvm/gems/ruby-2.0.0-p451@global/gems/activerecord-4.0.3/lib/active_record/connection_adapters/abstract/connection_pool.rb:626:in `call'
   () Users/wmantegna/.rvm/gems/ruby-2.0.0-p451@global/gems/activerecord-4.0.3/lib/active_record/migration.rb:369:in `call'
   () Users/wmantegna/.rvm/gems/ruby-2.0.0-p451@global/gems/actionpack-4.0.3/lib/action_dispatch/middleware/callbacks.rb:29:in `block in call'
   () Users/wmantegna/.rvm/gems/ruby-2.0.0-p451@global/gems/activesupport-4.0.3/lib/active_support/callbacks.rb:373:in `_run__2294671861018247621__call__callbacks'
   () Users/wmantegna/.rvm/gems/ruby-2.0.0-p451@global/gems/activesupport-4.0.3/lib/active_support/callbacks.rb:80:in `run_callbacks'
   () Users/wmantegna/.rvm/gems/ruby-2.0.0-p451@global/gems/actionpack-4.0.3/lib/action_dispatch/middleware/callbacks.rb:27:in `call'
   () Users/wmantegna/.rvm/gems/ruby-2.0.0-p451@global/gems/actionpack-4.0.3/lib/action_dispatch/middleware/reloader.rb:64:in `call'
   () Users/wmantegna/.rvm/gems/ruby-2.0.0-p451@global/gems/actionpack-4.0.3/lib/action_dispatch/middleware/remote_ip.rb:76:in `call'
  better_errors (1.1.0) lib/better_errors/middleware.rb:84:in `protected_app_call'
  better_errors (1.1.0) lib/better_errors/middleware.rb:79:in `better_errors_call'
  better_errors (1.1.0) lib/better_errors/middleware.rb:56:in `call'
   () Users/wmantegna/.rvm/gems/ruby-2.0.0-p451@global/gems/actionpack-4.0.3/lib/action_dispatch/middleware/debug_exceptions.rb:17:in `call'
   () Users/wmantegna/.rvm/gems/ruby-2.0.0-p451@global/gems/actionpack-4.0.3/lib/action_dispatch/middleware/show_exceptions.rb:30:in `call'
   () Users/wmantegna/.rvm/gems/ruby-2.0.0-p451@global/gems/railties-4.0.3/lib/rails/rack/logger.rb:38:in `call_app'
   () Users/wmantegna/.rvm/gems/ruby-2.0.0-p451@global/gems/railties-4.0.3/lib/rails/rack/logger.rb:20:in `block in call'
   () Users/wmantegna/.rvm/gems/ruby-2.0.0-p451@global/gems/activesupport-4.0.3/lib/active_support/tagged_logging.rb:67:in `block in tagged'
   () Users/wmantegna/.rvm/gems/ruby-2.0.0-p451@global/gems/activesupport-4.0.3/lib/active_support/tagged_logging.rb:25:in `tagged'
   () Users/wmantegna/.rvm/gems/ruby-2.0.0-p451@global/gems/activesupport-4.0.3/lib/active_support/tagged_logging.rb:67:in `tagged'
   () Users/wmantegna/.rvm/gems/ruby-2.0.0-p451@global/gems/railties-4.0.3/lib/rails/rack/logger.rb:20:in `call'
  quiet_assets (1.0.2) lib/quiet_assets.rb:18:in `call_with_quiet_assets'
   () Users/wmantegna/.rvm/gems/ruby-2.0.0-p451@global/gems/actionpack-4.0.3/lib/action_dispatch/middleware/request_id.rb:21:in `call'
   () Users/wmantegna/.rvm/gems/ruby-2.0.0-p451@global/gems/rack-1.5.2/lib/rack/methodoverride.rb:21:in `call'
   () Users/wmantegna/.rvm/gems/ruby-2.0.0-p451@global/gems/rack-1.5.2/lib/rack/runtime.rb:17:in `call'
   () Users/wmantegna/.rvm/gems/ruby-2.0.0-p451@global/gems/activesupport-4.0.3/lib/active_support/cache/strategy/local_cache.rb:83:in `call'
   () Users/wmantegna/.rvm/gems/ruby-2.0.0-p451@global/gems/rack-1.5.2/lib/rack/lock.rb:17:in `call'
   () Users/wmantegna/.rvm/gems/ruby-2.0.0-p451@global/gems/actionpack-4.0.3/lib/action_dispatch/middleware/static.rb:64:in `call'
   () Users/wmantegna/.rvm/gems/ruby-2.0.0-p451@global/gems/rack-1.5.2/lib/rack/sendfile.rb:112:in `call'
   () Users/wmantegna/.rvm/gems/ruby-2.0.0-p451@global/gems/railties-4.0.3/lib/rails/engine.rb:511:in `call'
   () Users/wmantegna/.rvm/gems/ruby-2.0.0-p451@global/gems/railties-4.0.3/lib/rails/application.rb:97:in `call'
   () Users/wmantegna/.rvm/gems/ruby-2.0.0-p451@global/gems/rack-1.5.2/lib/rack/lock.rb:17:in `call'
   () Users/wmantegna/.rvm/gems/ruby-2.0.0-p451@global/gems/rack-1.5.2/lib/rack/content_length.rb:14:in `call'
   () Users/wmantegna/.rvm/gems/ruby-2.0.0-p451@global/gems/rack-1.5.2/lib/rack/handler/webrick.rb:60:in `service'
  /Users/wmantegna/.rvm/rubies/ruby-2.0.0-p451/lib/ruby/2.0.0/webrick/httpserver.rb:138:in `service'
  /Users/wmantegna/.rvm/rubies/ruby-2.0.0-p451/lib/ruby/2.0.0/webrick/httpserver.rb:94:in `run'
  /Users/wmantegna/.rvm/rubies/ruby-2.0.0-p451/lib/ruby/2.0.0/webrick/server.rb:295:in `block in start_thread'



Started POST "/__better_errors/70257623795000/variables" for 127.0.0.1 at 2014-03-18 09:53:53 -0400


Started GET "/" for 127.0.0.1 at 2014-03-18 21:05:56 -0400

Mysql2::Error - Can't connect to local MySQL server through socket '/tmp/mysql.sock' (2):
  mysql2 (0.3.15) lib/mysql2/client.rb:67:in `initialize'
   () Users/wmantegna/.rvm/gems/ruby-2.0.0-p451@global/gems/activerecord-4.0.3/lib/active_record/connection_adapters/mysql2_adapter.rb:18:in `mysql2_connection'
   () Users/wmantegna/.rvm/gems/ruby-2.0.0-p451@global/gems/activerecord-4.0.3/lib/active_record/connection_adapters/abstract/connection_pool.rb:440:in `new_connection'
   () Users/wmantegna/.rvm/gems/ruby-2.0.0-p451@global/gems/activerecord-4.0.3/lib/active_record/connection_adapters/abstract/connection_pool.rb:450:in `checkout_new_connection'
   () Users/wmantegna/.rvm/gems/ruby-2.0.0-p451@global/gems/activerecord-4.0.3/lib/active_record/connection_adapters/abstract/connection_pool.rb:421:in `acquire_connection'
   () Users/wmantegna/.rvm/gems/ruby-2.0.0-p451@global/gems/activerecord-4.0.3/lib/active_record/connection_adapters/abstract/connection_pool.rb:356:in `block in checkout'
  /Users/wmantegna/.rvm/rubies/ruby-2.0.0-p451/lib/ruby/2.0.0/monitor.rb:211:in `mon_synchronize'
   () Users/wmantegna/.rvm/gems/ruby-2.0.0-p451@global/gems/activerecord-4.0.3/lib/active_record/connection_adapters/abstract/connection_pool.rb:355:in `checkout'
   () Users/wmantegna/.rvm/gems/ruby-2.0.0-p451@global/gems/activerecord-4.0.3/lib/active_record/connection_adapters/abstract/connection_pool.rb:265:in `block in connection'
  /Users/wmantegna/.rvm/rubies/ruby-2.0.0-p451/lib/ruby/2.0.0/monitor.rb:211:in `mon_synchronize'
   () Users/wmantegna/.rvm/gems/ruby-2.0.0-p451@global/gems/activerecord-4.0.3/lib/active_record/connection_adapters/abstract/connection_pool.rb:264:in `connection'
   () Users/wmantegna/.rvm/gems/ruby-2.0.0-p451@global/gems/activerecord-4.0.3/lib/active_record/connection_adapters/abstract/connection_pool.rb:546:in `retrieve_connection'
   () Users/wmantegna/.rvm/gems/ruby-2.0.0-p451@global/gems/activerecord-4.0.3/lib/active_record/connection_handling.rb:79:in `retrieve_connection'
   () Users/wmantegna/.rvm/gems/ruby-2.0.0-p451@global/gems/activerecord-4.0.3/lib/active_record/connection_handling.rb:53:in `connection'
   () Users/wmantegna/.rvm/gems/ruby-2.0.0-p451@global/gems/activerecord-4.0.3/lib/active_record/query_cache.rb:51:in `restore_query_cache_settings'
   () Users/wmantegna/.rvm/gems/ruby-2.0.0-p451@global/gems/activerecord-4.0.3/lib/active_record/query_cache.rb:43:in `rescue in call'
   () Users/wmantegna/.rvm/gems/ruby-2.0.0-p451@global/gems/activerecord-4.0.3/lib/active_record/query_cache.rb:32:in `call'
   () Users/wmantegna/.rvm/gems/ruby-2.0.0-p451@global/gems/activerecord-4.0.3/lib/active_record/connection_adapters/abstract/connection_pool.rb:626:in `call'
   () Users/wmantegna/.rvm/gems/ruby-2.0.0-p451@global/gems/activerecord-4.0.3/lib/active_record/migration.rb:369:in `call'
   () Users/wmantegna/.rvm/gems/ruby-2.0.0-p451@global/gems/actionpack-4.0.3/lib/action_dispatch/middleware/callbacks.rb:29:in `block in call'
   () Users/wmantegna/.rvm/gems/ruby-2.0.0-p451@global/gems/activesupport-4.0.3/lib/active_support/callbacks.rb:373:in `_run__4156090461555898161__call__callbacks'
   () Users/wmantegna/.rvm/gems/ruby-2.0.0-p451@global/gems/activesupport-4.0.3/lib/active_support/callbacks.rb:80:in `run_callbacks'
   () Users/wmantegna/.rvm/gems/ruby-2.0.0-p451@global/gems/actionpack-4.0.3/lib/action_dispatch/middleware/callbacks.rb:27:in `call'
   () Users/wmantegna/.rvm/gems/ruby-2.0.0-p451@global/gems/actionpack-4.0.3/lib/action_dispatch/middleware/reloader.rb:64:in `call'
   () Users/wmantegna/.rvm/gems/ruby-2.0.0-p451@global/gems/actionpack-4.0.3/lib/action_dispatch/middleware/remote_ip.rb:76:in `call'
  better_errors (1.1.0) lib/better_errors/middleware.rb:84:in `protected_app_call'
  better_errors (1.1.0) lib/better_errors/middleware.rb:79:in `better_errors_call'
  better_errors (1.1.0) lib/better_errors/middleware.rb:56:in `call'
   () Users/wmantegna/.rvm/gems/ruby-2.0.0-p451@global/gems/actionpack-4.0.3/lib/action_dispatch/middleware/debug_exceptions.rb:17:in `call'
   () Users/wmantegna/.rvm/gems/ruby-2.0.0-p451@global/gems/actionpack-4.0.3/lib/action_dispatch/middleware/show_exceptions.rb:30:in `call'
   () Users/wmantegna/.rvm/gems/ruby-2.0.0-p451@global/gems/railties-4.0.3/lib/rails/rack/logger.rb:38:in `call_app'
   () Users/wmantegna/.rvm/gems/ruby-2.0.0-p451@global/gems/railties-4.0.3/lib/rails/rack/logger.rb:20:in `block in call'
   () Users/wmantegna/.rvm/gems/ruby-2.0.0-p451@global/gems/activesupport-4.0.3/lib/active_support/tagged_logging.rb:67:in `block in tagged'
   () Users/wmantegna/.rvm/gems/ruby-2.0.0-p451@global/gems/activesupport-4.0.3/lib/active_support/tagged_logging.rb:25:in `tagged'
   () Users/wmantegna/.rvm/gems/ruby-2.0.0-p451@global/gems/activesupport-4.0.3/lib/active_support/tagged_logging.rb:67:in `tagged'
   () Users/wmantegna/.rvm/gems/ruby-2.0.0-p451@global/gems/railties-4.0.3/lib/rails/rack/logger.rb:20:in `call'
  quiet_assets (1.0.2) lib/quiet_assets.rb:18:in `call_with_quiet_assets'
   () Users/wmantegna/.rvm/gems/ruby-2.0.0-p451@global/gems/actionpack-4.0.3/lib/action_dispatch/middleware/request_id.rb:21:in `call'
   () Users/wmantegna/.rvm/gems/ruby-2.0.0-p451@global/gems/rack-1.5.2/lib/rack/methodoverride.rb:21:in `call'
   () Users/wmantegna/.rvm/gems/ruby-2.0.0-p451@global/gems/rack-1.5.2/lib/rack/runtime.rb:17:in `call'
   () Users/wmantegna/.rvm/gems/ruby-2.0.0-p451@global/gems/activesupport-4.0.3/lib/active_support/cache/strategy/local_cache.rb:83:in `call'
   () Users/wmantegna/.rvm/gems/ruby-2.0.0-p451@global/gems/rack-1.5.2/lib/rack/lock.rb:17:in `call'
   () Users/wmantegna/.rvm/gems/ruby-2.0.0-p451@global/gems/actionpack-4.0.3/lib/action_dispatch/middleware/static.rb:64:in `call'
   () Users/wmantegna/.rvm/gems/ruby-2.0.0-p451@global/gems/rack-1.5.2/lib/rack/sendfile.rb:112:in `call'
   () Users/wmantegna/.rvm/gems/ruby-2.0.0-p451@global/gems/railties-4.0.3/lib/rails/engine.rb:511:in `call'
   () Users/wmantegna/.rvm/gems/ruby-2.0.0-p451@global/gems/railties-4.0.3/lib/rails/application.rb:97:in `call'
   () Users/wmantegna/.rvm/gems/ruby-2.0.0-p451@global/gems/rack-1.5.2/lib/rack/lock.rb:17:in `call'
   () Users/wmantegna/.rvm/gems/ruby-2.0.0-p451@global/gems/rack-1.5.2/lib/rack/content_length.rb:14:in `call'
   () Users/wmantegna/.rvm/gems/ruby-2.0.0-p451@global/gems/rack-1.5.2/lib/rack/handler/webrick.rb:60:in `service'
  /Users/wmantegna/.rvm/rubies/ruby-2.0.0-p451/lib/ruby/2.0.0/webrick/httpserver.rb:138:in `service'
  /Users/wmantegna/.rvm/rubies/ruby-2.0.0-p451/lib/ruby/2.0.0/webrick/httpserver.rb:94:in `run'
  /Users/wmantegna/.rvm/rubies/ruby-2.0.0-p451/lib/ruby/2.0.0/webrick/server.rb:295:in `block in start_thread'



Started POST "/__better_errors/70262217901260/variables" for 127.0.0.1 at 2014-03-18 21:05:56 -0400
